c:\estudios\howest\dae\dae\programming1\final exam\practise\textures\debug\textures.pch
c:\estudios\howest\dae\dae\programming1\final exam\practise\textures\debug\vc142.pdb
c:\estudios\howest\dae\dae\programming1\final exam\practise\textures\debug\vc142.idb
c:\estudios\howest\dae\dae\programming1\final exam\practise\textures\debug\pch.obj
c:\estudios\howest\dae\dae\programming1\final exam\practise\textures\debug\utils.obj
c:\estudios\howest\dae\dae\programming1\final exam\practise\textures\debug\structs.obj
c:\estudios\howest\dae\dae\programming1\final exam\practise\textures\debug\main.obj
c:\estudios\howest\dae\dae\programming1\final exam\practise\textures\debug\game.obj
c:\estudios\howest\dae\dae\programming1\final exam\practise\textures\debug\core.obj
c:\estudios\howest\dae\dae\programming1\final exam\practise\textures\debug\textures.pdb
c:\estudios\howest\dae\dae\programming1\final exam\practise\textures\debug\textures.tlog\cl.command.1.tlog
c:\estudios\howest\dae\dae\programming1\final exam\practise\textures\debug\textures.tlog\cl.read.1.tlog
c:\estudios\howest\dae\dae\programming1\final exam\practise\textures\debug\textures.tlog\cl.write.1.tlog
c:\estudios\howest\dae\dae\programming1\final exam\practise\textures\debug\textures.tlog\link-cvtres.read.1.tlog
c:\estudios\howest\dae\dae\programming1\final exam\practise\textures\debug\textures.tlog\link-cvtres.write.1.tlog
c:\estudios\howest\dae\dae\programming1\final exam\practise\textures\debug\textures.tlog\link-rc.read.1.tlog
c:\estudios\howest\dae\dae\programming1\final exam\practise\textures\debug\textures.tlog\link-rc.write.1.tlog
c:\estudios\howest\dae\dae\programming1\final exam\practise\textures\debug\textures.tlog\link.command.1.tlog
c:\estudios\howest\dae\dae\programming1\final exam\practise\textures\debug\textures.tlog\link.read.1.tlog
c:\estudios\howest\dae\dae\programming1\final exam\practise\textures\debug\textures.tlog\link.write.1.tlog
