c:\estudios\howest\dae\dae\programming1\theory\variables03\theoryvariablesdemo3\x64\debug\theoryvariablesdemo3.pch
c:\estudios\howest\dae\dae\programming1\theory\variables03\theoryvariablesdemo3\x64\debug\vc142.pdb
c:\estudios\howest\dae\dae\programming1\theory\variables03\theoryvariablesdemo3\x64\debug\vc142.idb
c:\estudios\howest\dae\dae\programming1\theory\variables03\theoryvariablesdemo3\x64\debug\pch.obj
c:\estudios\howest\dae\dae\programming1\theory\variables03\theoryvariablesdemo3\x64\debug\utils.obj
c:\estudios\howest\dae\dae\programming1\theory\variables03\theoryvariablesdemo3\x64\debug\structs.obj
c:\estudios\howest\dae\dae\programming1\theory\variables03\theoryvariablesdemo3\x64\debug\main.obj
c:\estudios\howest\dae\dae\programming1\theory\variables03\theoryvariablesdemo3\x64\debug\game.obj
c:\estudios\howest\dae\dae\programming1\theory\variables03\theoryvariablesdemo3\x64\debug\core.obj
c:\estudios\howest\dae\dae\programming1\theory\variables03\theoryvariablesdemo3\x64\debug\theoryvariablesdemo3.ilk
c:\estudios\howest\dae\dae\programming1\theory\variables03\theoryvariablesdemo3\x64\debug\theoryvariablesdemo3.exe
c:\estudios\howest\dae\dae\programming1\theory\variables03\theoryvariablesdemo3\x64\debug\theoryvariablesdemo3.pdb
c:\estudios\howest\dae\dae\programming1\theory\variables03\theoryvariablesdemo3\x64\debug\libflac-8.dll
c:\estudios\howest\dae\dae\programming1\theory\variables03\theoryvariablesdemo3\x64\debug\libfreetype-6.dll
c:\estudios\howest\dae\dae\programming1\theory\variables03\theoryvariablesdemo3\x64\debug\libjpeg-9.dll
c:\estudios\howest\dae\dae\programming1\theory\variables03\theoryvariablesdemo3\x64\debug\libmodplug-1.dll
c:\estudios\howest\dae\dae\programming1\theory\variables03\theoryvariablesdemo3\x64\debug\libmpg123-0.dll
c:\estudios\howest\dae\dae\programming1\theory\variables03\theoryvariablesdemo3\x64\debug\libogg-0.dll
c:\estudios\howest\dae\dae\programming1\theory\variables03\theoryvariablesdemo3\x64\debug\libopus-0.dll
c:\estudios\howest\dae\dae\programming1\theory\variables03\theoryvariablesdemo3\x64\debug\libopusfile-0.dll
c:\estudios\howest\dae\dae\programming1\theory\variables03\theoryvariablesdemo3\x64\debug\libpng16-16.dll
c:\estudios\howest\dae\dae\programming1\theory\variables03\theoryvariablesdemo3\x64\debug\libtiff-5.dll
c:\estudios\howest\dae\dae\programming1\theory\variables03\theoryvariablesdemo3\x64\debug\libvorbis-0.dll
c:\estudios\howest\dae\dae\programming1\theory\variables03\theoryvariablesdemo3\x64\debug\libvorbisfile-3.dll
c:\estudios\howest\dae\dae\programming1\theory\variables03\theoryvariablesdemo3\x64\debug\libwebp-7.dll
c:\estudios\howest\dae\dae\programming1\theory\variables03\theoryvariablesdemo3\x64\debug\sdl2.dll
c:\estudios\howest\dae\dae\programming1\theory\variables03\theoryvariablesdemo3\x64\debug\sdl2_image.dll
c:\estudios\howest\dae\dae\programming1\theory\variables03\theoryvariablesdemo3\x64\debug\sdl2_mixer.dll
c:\estudios\howest\dae\dae\programming1\theory\variables03\theoryvariablesdemo3\x64\debug\sdl2_ttf.dll
c:\estudios\howest\dae\dae\programming1\theory\variables03\theoryvariablesdemo3\x64\debug\zlib1.dll
c:\estudios\howest\dae\dae\programming1\theory\variables03\theoryvariablesdemo3\x64\debug\theoryva.5f701836.tlog\cl.command.1.tlog
c:\estudios\howest\dae\dae\programming1\theory\variables03\theoryvariablesdemo3\x64\debug\theoryva.5f701836.tlog\cl.read.1.tlog
c:\estudios\howest\dae\dae\programming1\theory\variables03\theoryvariablesdemo3\x64\debug\theoryva.5f701836.tlog\cl.write.1.tlog
c:\estudios\howest\dae\dae\programming1\theory\variables03\theoryvariablesdemo3\x64\debug\theoryva.5f701836.tlog\link.command.1.tlog
c:\estudios\howest\dae\dae\programming1\theory\variables03\theoryvariablesdemo3\x64\debug\theoryva.5f701836.tlog\link.read.1.tlog
c:\estudios\howest\dae\dae\programming1\theory\variables03\theoryvariablesdemo3\x64\debug\theoryva.5f701836.tlog\link.write.1.tlog
