c:\estudios\howest\dae\dae\programming2\game project\roca_alejandro_metalslug\metalslug\metalslug\x64\debug\metalslug.pch
c:\estudios\howest\dae\dae\programming2\game project\roca_alejandro_metalslug\metalslug\metalslug\x64\debug\vc143.pdb
c:\estudios\howest\dae\dae\programming2\game project\roca_alejandro_metalslug\metalslug\metalslug\x64\debug\vc143.idb
c:\estudios\howest\dae\dae\programming2\game project\roca_alejandro_metalslug\metalslug\metalslug\x64\debug\pch.obj
c:\estudios\howest\dae\dae\programming2\game project\roca_alejandro_metalslug\metalslug\metalslug\x64\debug\structs.obj
c:\estudios\howest\dae\dae\programming2\game project\roca_alejandro_metalslug\metalslug\metalslug\x64\debug\sprite.obj
c:\estudios\howest\dae\dae\programming2\game project\roca_alejandro_metalslug\metalslug\metalslug\x64\debug\soundstream.obj
c:\estudios\howest\dae\dae\programming2\game project\roca_alejandro_metalslug\metalslug\metalslug\x64\debug\soundeffect.obj
c:\estudios\howest\dae\dae\programming2\game project\roca_alejandro_metalslug\metalslug\metalslug\x64\debug\soldier.obj
c:\estudios\howest\dae\dae\programming2\game project\roca_alejandro_metalslug\metalslug\metalslug\x64\debug\projectile.obj
c:\estudios\howest\dae\dae\programming2\game project\roca_alejandro_metalslug\metalslug\metalslug\x64\debug\matrix2x3.obj
c:\estudios\howest\dae\dae\programming2\game project\roca_alejandro_metalslug\metalslug\metalslug\x64\debug\main.obj
c:\estudios\howest\dae\dae\programming2\game project\roca_alejandro_metalslug\metalslug\metalslug\x64\debug\level.obj
c:\estudios\howest\dae\dae\programming2\game project\roca_alejandro_metalslug\metalslug\metalslug\x64\debug\helicopter.obj
c:\estudios\howest\dae\dae\programming2\game project\roca_alejandro_metalslug\metalslug\metalslug\x64\debug\gameobject.obj
c:\estudios\howest\dae\dae\programming2\game project\roca_alejandro_metalslug\metalslug\metalslug\x64\debug\game.obj
c:\estudios\howest\dae\dae\programming2\game project\roca_alejandro_metalslug\metalslug\metalslug\x64\debug\enemy.obj
c:\estudios\howest\dae\dae\programming2\game project\roca_alejandro_metalslug\metalslug\metalslug\x64\debug\enemiesmanager.obj
c:\estudios\howest\dae\dae\programming2\game project\roca_alejandro_metalslug\metalslug\metalslug\x64\debug\core.obj
c:\estudios\howest\dae\dae\programming2\game project\roca_alejandro_metalslug\metalslug\metalslug\x64\debug\camera.obj
c:\estudios\howest\dae\dae\programming2\game project\roca_alejandro_metalslug\metalslug\metalslug\x64\debug\bulletmanager.obj
c:\estudios\howest\dae\dae\programming2\game project\roca_alejandro_metalslug\metalslug\metalslug\x64\debug\bullet.obj
c:\estudios\howest\dae\dae\programming2\game project\roca_alejandro_metalslug\metalslug\metalslug\x64\debug\bomb.obj
c:\estudios\howest\dae\dae\programming2\game project\roca_alejandro_metalslug\metalslug\metalslug\x64\debug\avatar.obj
c:\estudios\howest\dae\dae\programming2\game project\roca_alejandro_metalslug\metalslug\metalslug\x64\debug\vector2f.obj
c:\estudios\howest\dae\dae\programming2\game project\roca_alejandro_metalslug\metalslug\metalslug\x64\debug\utils.obj
c:\estudios\howest\dae\dae\programming2\game project\roca_alejandro_metalslug\metalslug\metalslug\x64\debug\texture.obj
c:\estudios\howest\dae\dae\programming2\game project\roca_alejandro_metalslug\metalslug\metalslug\x64\debug\svgparser.obj
c:\estudios\howest\dae\dae\programming2\game project\roca_alejandro_metalslug\metalslug\metalslug\x64\debug\grenade.obj
c:\estudios\howest\dae\dae\programming2\game project\roca_alejandro_metalslug\metalslug\x64\debug\metalslug.exe
c:\estudios\howest\dae\dae\programming2\game project\roca_alejandro_metalslug\metalslug\metalslug\x64\debug\metalslug.ilk
c:\estudios\howest\dae\dae\programming2\game project\roca_alejandro_metalslug\metalslug\x64\debug\metalslug.pdb
c:\estudios\howest\dae\dae\programming2\game project\roca_alejandro_metalslug\metalslug\metalslug\x64\debug\metalslug.tlog\cl.command.1.tlog
c:\estudios\howest\dae\dae\programming2\game project\roca_alejandro_metalslug\metalslug\metalslug\x64\debug\metalslug.tlog\cl.read.1.tlog
c:\estudios\howest\dae\dae\programming2\game project\roca_alejandro_metalslug\metalslug\metalslug\x64\debug\metalslug.tlog\cl.write.1.tlog
c:\estudios\howest\dae\dae\programming2\game project\roca_alejandro_metalslug\metalslug\metalslug\x64\debug\metalslug.tlog\link.command.1.tlog
c:\estudios\howest\dae\dae\programming2\game project\roca_alejandro_metalslug\metalslug\metalslug\x64\debug\metalslug.tlog\link.read.1.tlog
c:\estudios\howest\dae\dae\programming2\game project\roca_alejandro_metalslug\metalslug\metalslug\x64\debug\metalslug.tlog\link.write.1.tlog
