c:\estudios\howest\dae\dae\programming1\lab\06\1dae12_06_roca_alejandro\frametime\debug\frametime.pch
c:\estudios\howest\dae\dae\programming1\lab\06\1dae12_06_roca_alejandro\frametime\debug\vc142.pdb
c:\estudios\howest\dae\dae\programming1\lab\06\1dae12_06_roca_alejandro\frametime\debug\vc142.idb
c:\estudios\howest\dae\dae\programming1\lab\06\1dae12_06_roca_alejandro\frametime\debug\pch.obj
c:\estudios\howest\dae\dae\programming1\lab\06\1dae12_06_roca_alejandro\frametime\debug\utils.obj
c:\estudios\howest\dae\dae\programming1\lab\06\1dae12_06_roca_alejandro\frametime\debug\structs.obj
c:\estudios\howest\dae\dae\programming1\lab\06\1dae12_06_roca_alejandro\frametime\debug\main.obj
c:\estudios\howest\dae\dae\programming1\lab\06\1dae12_06_roca_alejandro\frametime\debug\game.obj
c:\estudios\howest\dae\dae\programming1\lab\06\1dae12_06_roca_alejandro\frametime\debug\core.obj
c:\estudios\howest\dae\dae\programming1\lab\06\1dae12_06_roca_alejandro\frametime\debug\frametime.ilk
c:\estudios\howest\dae\dae\programming1\lab\06\1dae12_06_roca_alejandro\frametime\debug\frametime.exe
c:\estudios\howest\dae\dae\programming1\lab\06\1dae12_06_roca_alejandro\frametime\debug\frametime.pdb
c:\estudios\howest\dae\dae\programming1\lab\06\1dae12_06_roca_alejandro\frametime\debug\libflac-8.dll
c:\estudios\howest\dae\dae\programming1\lab\06\1dae12_06_roca_alejandro\frametime\debug\libfreetype-6.dll
c:\estudios\howest\dae\dae\programming1\lab\06\1dae12_06_roca_alejandro\frametime\debug\libjpeg-9.dll
c:\estudios\howest\dae\dae\programming1\lab\06\1dae12_06_roca_alejandro\frametime\debug\libmodplug-1.dll
c:\estudios\howest\dae\dae\programming1\lab\06\1dae12_06_roca_alejandro\frametime\debug\libmpg123-0.dll
c:\estudios\howest\dae\dae\programming1\lab\06\1dae12_06_roca_alejandro\frametime\debug\libogg-0.dll
c:\estudios\howest\dae\dae\programming1\lab\06\1dae12_06_roca_alejandro\frametime\debug\libopus-0.dll
c:\estudios\howest\dae\dae\programming1\lab\06\1dae12_06_roca_alejandro\frametime\debug\libopusfile-0.dll
c:\estudios\howest\dae\dae\programming1\lab\06\1dae12_06_roca_alejandro\frametime\debug\libpng16-16.dll
c:\estudios\howest\dae\dae\programming1\lab\06\1dae12_06_roca_alejandro\frametime\debug\libtiff-5.dll
c:\estudios\howest\dae\dae\programming1\lab\06\1dae12_06_roca_alejandro\frametime\debug\libvorbis-0.dll
c:\estudios\howest\dae\dae\programming1\lab\06\1dae12_06_roca_alejandro\frametime\debug\libvorbisfile-3.dll
c:\estudios\howest\dae\dae\programming1\lab\06\1dae12_06_roca_alejandro\frametime\debug\libwebp-7.dll
c:\estudios\howest\dae\dae\programming1\lab\06\1dae12_06_roca_alejandro\frametime\debug\sdl2.dll
c:\estudios\howest\dae\dae\programming1\lab\06\1dae12_06_roca_alejandro\frametime\debug\sdl2_image.dll
c:\estudios\howest\dae\dae\programming1\lab\06\1dae12_06_roca_alejandro\frametime\debug\sdl2_mixer.dll
c:\estudios\howest\dae\dae\programming1\lab\06\1dae12_06_roca_alejandro\frametime\debug\sdl2_ttf.dll
c:\estudios\howest\dae\dae\programming1\lab\06\1dae12_06_roca_alejandro\frametime\debug\zlib1.dll
c:\estudios\howest\dae\dae\programming1\lab\06\1dae12_06_roca_alejandro\frametime\debug\frametime.tlog\cl.command.1.tlog
c:\estudios\howest\dae\dae\programming1\lab\06\1dae12_06_roca_alejandro\frametime\debug\frametime.tlog\cl.read.1.tlog
c:\estudios\howest\dae\dae\programming1\lab\06\1dae12_06_roca_alejandro\frametime\debug\frametime.tlog\cl.write.1.tlog
c:\estudios\howest\dae\dae\programming1\lab\06\1dae12_06_roca_alejandro\frametime\debug\frametime.tlog\link.command.1.tlog
c:\estudios\howest\dae\dae\programming1\lab\06\1dae12_06_roca_alejandro\frametime\debug\frametime.tlog\link.read.1.tlog
c:\estudios\howest\dae\dae\programming1\lab\06\1dae12_06_roca_alejandro\frametime\debug\frametime.tlog\link.write.1.tlog
