c:\estudios\howest\dae\dae\programming1\final exam\practise\classesandsprites\debug\classesandsprites.pch
c:\estudios\howest\dae\dae\programming1\final exam\practise\classesandsprites\debug\vc142.pdb
c:\estudios\howest\dae\dae\programming1\final exam\practise\classesandsprites\debug\vc142.idb
c:\estudios\howest\dae\dae\programming1\final exam\practise\classesandsprites\debug\pch.obj
c:\estudios\howest\dae\dae\programming1\final exam\practise\classesandsprites\debug\utils.obj
c:\estudios\howest\dae\dae\programming1\final exam\practise\classesandsprites\debug\structs.obj
c:\estudios\howest\dae\dae\programming1\final exam\practise\classesandsprites\debug\sprite.obj
c:\estudios\howest\dae\dae\programming1\final exam\practise\classesandsprites\debug\main.obj
c:\estudios\howest\dae\dae\programming1\final exam\practise\classesandsprites\debug\game.obj
c:\estudios\howest\dae\dae\programming1\final exam\practise\classesandsprites\debug\core.obj
c:\estudios\howest\dae\dae\programming1\final exam\practise\classesandsprites\debug\classesandsprites.ilk
c:\estudios\howest\dae\dae\programming1\final exam\practise\classesandsprites\debug\classesandsprites.exe
c:\estudios\howest\dae\dae\programming1\final exam\practise\classesandsprites\debug\classesandsprites.pdb
c:\estudios\howest\dae\dae\programming1\final exam\practise\classesandsprites\debug\libflac-8.dll
c:\estudios\howest\dae\dae\programming1\final exam\practise\classesandsprites\debug\libfreetype-6.dll
c:\estudios\howest\dae\dae\programming1\final exam\practise\classesandsprites\debug\libjpeg-9.dll
c:\estudios\howest\dae\dae\programming1\final exam\practise\classesandsprites\debug\libmodplug-1.dll
c:\estudios\howest\dae\dae\programming1\final exam\practise\classesandsprites\debug\libmpg123-0.dll
c:\estudios\howest\dae\dae\programming1\final exam\practise\classesandsprites\debug\libogg-0.dll
c:\estudios\howest\dae\dae\programming1\final exam\practise\classesandsprites\debug\libopus-0.dll
c:\estudios\howest\dae\dae\programming1\final exam\practise\classesandsprites\debug\libopusfile-0.dll
c:\estudios\howest\dae\dae\programming1\final exam\practise\classesandsprites\debug\libpng16-16.dll
c:\estudios\howest\dae\dae\programming1\final exam\practise\classesandsprites\debug\libtiff-5.dll
c:\estudios\howest\dae\dae\programming1\final exam\practise\classesandsprites\debug\libvorbis-0.dll
c:\estudios\howest\dae\dae\programming1\final exam\practise\classesandsprites\debug\libvorbisfile-3.dll
c:\estudios\howest\dae\dae\programming1\final exam\practise\classesandsprites\debug\libwebp-7.dll
c:\estudios\howest\dae\dae\programming1\final exam\practise\classesandsprites\debug\sdl2.dll
c:\estudios\howest\dae\dae\programming1\final exam\practise\classesandsprites\debug\sdl2_image.dll
c:\estudios\howest\dae\dae\programming1\final exam\practise\classesandsprites\debug\sdl2_mixer.dll
c:\estudios\howest\dae\dae\programming1\final exam\practise\classesandsprites\debug\sdl2_ttf.dll
c:\estudios\howest\dae\dae\programming1\final exam\practise\classesandsprites\debug\zlib1.dll
c:\estudios\howest\dae\dae\programming1\final exam\practise\classesandsprites\debug\classesa.a284d4b9.tlog\cl.command.1.tlog
c:\estudios\howest\dae\dae\programming1\final exam\practise\classesandsprites\debug\classesa.a284d4b9.tlog\cl.read.1.tlog
c:\estudios\howest\dae\dae\programming1\final exam\practise\classesandsprites\debug\classesa.a284d4b9.tlog\cl.write.1.tlog
c:\estudios\howest\dae\dae\programming1\final exam\practise\classesandsprites\debug\classesa.a284d4b9.tlog\link.command.1.tlog
c:\estudios\howest\dae\dae\programming1\final exam\practise\classesandsprites\debug\classesa.a284d4b9.tlog\link.read.1.tlog
c:\estudios\howest\dae\dae\programming1\final exam\practise\classesandsprites\debug\classesa.a284d4b9.tlog\link.write.1.tlog
