c:\estudios\howest\dae\dae\programming2\lab\07\w07\ruleof5basics\x64\debug\ruleof5basics.pch
c:\estudios\howest\dae\dae\programming2\lab\07\w07\ruleof5basics\x64\debug\vc143.pdb
c:\estudios\howest\dae\dae\programming2\lab\07\w07\ruleof5basics\x64\debug\vc143.idb
c:\estudios\howest\dae\dae\programming2\lab\07\w07\ruleof5basics\x64\debug\pch.obj
c:\estudios\howest\dae\dae\programming2\lab\07\w07\ruleof5basics\x64\debug\vector2f.obj
c:\estudios\howest\dae\dae\programming2\lab\07\w07\ruleof5basics\x64\debug\utils.obj
c:\estudios\howest\dae\dae\programming2\lab\07\w07\ruleof5basics\x64\debug\texture.obj
c:\estudios\howest\dae\dae\programming2\lab\07\w07\ruleof5basics\x64\debug\svgparser.obj
c:\estudios\howest\dae\dae\programming2\lab\07\w07\ruleof5basics\x64\debug\structs.obj
c:\estudios\howest\dae\dae\programming2\lab\07\w07\ruleof5basics\x64\debug\sprite.obj
c:\estudios\howest\dae\dae\programming2\lab\07\w07\ruleof5basics\x64\debug\soundstream.obj
c:\estudios\howest\dae\dae\programming2\lab\07\w07\ruleof5basics\x64\debug\soundeffect.obj
c:\estudios\howest\dae\dae\programming2\lab\07\w07\ruleof5basics\x64\debug\matrix2x3.obj
c:\estudios\howest\dae\dae\programming2\lab\07\w07\ruleof5basics\x64\debug\main.obj
c:\estudios\howest\dae\dae\programming2\lab\07\w07\ruleof5basics\x64\debug\game.obj
c:\estudios\howest\dae\dae\programming2\lab\07\w07\ruleof5basics\x64\debug\core.obj
c:\estudios\howest\dae\dae\programming2\lab\07\w07\ruleof5basics\x64\debug\container.obj
c:\estudios\howest\dae\dae\programming2\lab\07\w07\ruleof5basics\x64\debug\ruleof5basics.ilk
c:\estudios\howest\dae\dae\programming2\lab\07\w07\x64\debug\ruleof5basics.exe
c:\estudios\howest\dae\dae\programming2\lab\07\w07\x64\debug\ruleof5basics.pdb
c:\estudios\howest\dae\dae\programming2\lab\07\w07\ruleof5basics\x64\debug\ruleof5basics.tlog\cl.command.1.tlog
c:\estudios\howest\dae\dae\programming2\lab\07\w07\ruleof5basics\x64\debug\ruleof5basics.tlog\cl.read.1.tlog
c:\estudios\howest\dae\dae\programming2\lab\07\w07\ruleof5basics\x64\debug\ruleof5basics.tlog\cl.write.1.tlog
c:\estudios\howest\dae\dae\programming2\lab\07\w07\ruleof5basics\x64\debug\ruleof5basics.tlog\link.command.1.tlog
c:\estudios\howest\dae\dae\programming2\lab\07\w07\ruleof5basics\x64\debug\ruleof5basics.tlog\link.read.1.tlog
c:\estudios\howest\dae\dae\programming2\lab\07\w07\ruleof5basics\x64\debug\ruleof5basics.tlog\link.write.1.tlog
