c:\estudios\howest\dae\dae\programming1\lab\06\1dae12_06_roca_alejandro\drawfunctions\debug\drawfunctions.pch
c:\estudios\howest\dae\dae\programming1\lab\06\1dae12_06_roca_alejandro\drawfunctions\debug\vc142.pdb
c:\estudios\howest\dae\dae\programming1\lab\06\1dae12_06_roca_alejandro\drawfunctions\debug\vc142.idb
c:\estudios\howest\dae\dae\programming1\lab\06\1dae12_06_roca_alejandro\drawfunctions\debug\pch.obj
c:\estudios\howest\dae\dae\programming1\lab\06\1dae12_06_roca_alejandro\drawfunctions\debug\utils.obj
c:\estudios\howest\dae\dae\programming1\lab\06\1dae12_06_roca_alejandro\drawfunctions\debug\structs.obj
c:\estudios\howest\dae\dae\programming1\lab\06\1dae12_06_roca_alejandro\drawfunctions\debug\main.obj
c:\estudios\howest\dae\dae\programming1\lab\06\1dae12_06_roca_alejandro\drawfunctions\debug\game.obj
c:\estudios\howest\dae\dae\programming1\lab\06\1dae12_06_roca_alejandro\drawfunctions\debug\core.obj
c:\estudios\howest\dae\dae\programming1\lab\06\1dae12_06_roca_alejandro\drawfunctions\debug\drawfunctions.ilk
c:\estudios\howest\dae\dae\programming1\lab\06\1dae12_06_roca_alejandro\drawfunctions\debug\drawfunctions.exe
c:\estudios\howest\dae\dae\programming1\lab\06\1dae12_06_roca_alejandro\drawfunctions\debug\drawfunctions.pdb
c:\estudios\howest\dae\dae\programming1\lab\06\1dae12_06_roca_alejandro\drawfunctions\debug\libflac-8.dll
c:\estudios\howest\dae\dae\programming1\lab\06\1dae12_06_roca_alejandro\drawfunctions\debug\libfreetype-6.dll
c:\estudios\howest\dae\dae\programming1\lab\06\1dae12_06_roca_alejandro\drawfunctions\debug\libjpeg-9.dll
c:\estudios\howest\dae\dae\programming1\lab\06\1dae12_06_roca_alejandro\drawfunctions\debug\libmodplug-1.dll
c:\estudios\howest\dae\dae\programming1\lab\06\1dae12_06_roca_alejandro\drawfunctions\debug\libmpg123-0.dll
c:\estudios\howest\dae\dae\programming1\lab\06\1dae12_06_roca_alejandro\drawfunctions\debug\libogg-0.dll
c:\estudios\howest\dae\dae\programming1\lab\06\1dae12_06_roca_alejandro\drawfunctions\debug\libopus-0.dll
c:\estudios\howest\dae\dae\programming1\lab\06\1dae12_06_roca_alejandro\drawfunctions\debug\libopusfile-0.dll
c:\estudios\howest\dae\dae\programming1\lab\06\1dae12_06_roca_alejandro\drawfunctions\debug\libpng16-16.dll
c:\estudios\howest\dae\dae\programming1\lab\06\1dae12_06_roca_alejandro\drawfunctions\debug\libtiff-5.dll
c:\estudios\howest\dae\dae\programming1\lab\06\1dae12_06_roca_alejandro\drawfunctions\debug\libvorbis-0.dll
c:\estudios\howest\dae\dae\programming1\lab\06\1dae12_06_roca_alejandro\drawfunctions\debug\libvorbisfile-3.dll
c:\estudios\howest\dae\dae\programming1\lab\06\1dae12_06_roca_alejandro\drawfunctions\debug\libwebp-7.dll
c:\estudios\howest\dae\dae\programming1\lab\06\1dae12_06_roca_alejandro\drawfunctions\debug\sdl2.dll
c:\estudios\howest\dae\dae\programming1\lab\06\1dae12_06_roca_alejandro\drawfunctions\debug\sdl2_image.dll
c:\estudios\howest\dae\dae\programming1\lab\06\1dae12_06_roca_alejandro\drawfunctions\debug\sdl2_mixer.dll
c:\estudios\howest\dae\dae\programming1\lab\06\1dae12_06_roca_alejandro\drawfunctions\debug\sdl2_ttf.dll
c:\estudios\howest\dae\dae\programming1\lab\06\1dae12_06_roca_alejandro\drawfunctions\debug\zlib1.dll
c:\estudios\howest\dae\dae\programming1\lab\06\1dae12_06_roca_alejandro\drawfunctions\debug\drawfunctions.tlog\cl.command.1.tlog
c:\estudios\howest\dae\dae\programming1\lab\06\1dae12_06_roca_alejandro\drawfunctions\debug\drawfunctions.tlog\cl.read.1.tlog
c:\estudios\howest\dae\dae\programming1\lab\06\1dae12_06_roca_alejandro\drawfunctions\debug\drawfunctions.tlog\cl.write.1.tlog
c:\estudios\howest\dae\dae\programming1\lab\06\1dae12_06_roca_alejandro\drawfunctions\debug\drawfunctions.tlog\link.command.1.tlog
c:\estudios\howest\dae\dae\programming1\lab\06\1dae12_06_roca_alejandro\drawfunctions\debug\drawfunctions.tlog\link.read.1.tlog
c:\estudios\howest\dae\dae\programming1\lab\06\1dae12_06_roca_alejandro\drawfunctions\debug\drawfunctions.tlog\link.write.1.tlog
