c:\estudios\howest\dae\dae\programming2\lab\01 -vector transformations\1dae12_01_roca_alejandro\w01\introduction\x64\debug\introduction.pch
c:\estudios\howest\dae\dae\programming2\lab\01 -vector transformations\1dae12_01_roca_alejandro\w01\introduction\x64\debug\vc143.pdb
c:\estudios\howest\dae\dae\programming2\lab\01 -vector transformations\1dae12_01_roca_alejandro\w01\introduction\x64\debug\vc143.idb
c:\estudios\howest\dae\dae\programming2\lab\01 -vector transformations\1dae12_01_roca_alejandro\w01\introduction\x64\debug\pch.obj
c:\estudios\howest\dae\dae\programming2\lab\01 -vector transformations\1dae12_01_roca_alejandro\w01\introduction\x64\debug\vector2f.obj
c:\estudios\howest\dae\dae\programming2\lab\01 -vector transformations\1dae12_01_roca_alejandro\w01\introduction\x64\debug\utils.obj
c:\estudios\howest\dae\dae\programming2\lab\01 -vector transformations\1dae12_01_roca_alejandro\w01\introduction\x64\debug\texture.obj
c:\estudios\howest\dae\dae\programming2\lab\01 -vector transformations\1dae12_01_roca_alejandro\w01\introduction\x64\debug\svgparser.obj
c:\estudios\howest\dae\dae\programming2\lab\01 -vector transformations\1dae12_01_roca_alejandro\w01\introduction\x64\debug\structs.obj
c:\estudios\howest\dae\dae\programming2\lab\01 -vector transformations\1dae12_01_roca_alejandro\w01\introduction\x64\debug\soundstream.obj
c:\estudios\howest\dae\dae\programming2\lab\01 -vector transformations\1dae12_01_roca_alejandro\w01\introduction\x64\debug\soundeffect.obj
c:\estudios\howest\dae\dae\programming2\lab\01 -vector transformations\1dae12_01_roca_alejandro\w01\introduction\x64\debug\matrix2x3.obj
c:\estudios\howest\dae\dae\programming2\lab\01 -vector transformations\1dae12_01_roca_alejandro\w01\introduction\x64\debug\main.obj
c:\estudios\howest\dae\dae\programming2\lab\01 -vector transformations\1dae12_01_roca_alejandro\w01\introduction\x64\debug\game.obj
c:\estudios\howest\dae\dae\programming2\lab\01 -vector transformations\1dae12_01_roca_alejandro\w01\introduction\x64\debug\core.obj
c:\estudios\howest\dae\dae\programming2\lab\01 -vector transformations\1dae12_01_roca_alejandro\w01\introduction\x64\debug\ball.obj
c:\estudios\howest\dae\dae\programming2\lab\01 -vector transformations\1dae12_01_roca_alejandro\w01\introduction\x64\debug\introduction.ilk
c:\estudios\howest\dae\dae\programming2\lab\01 -vector transformations\1dae12_01_roca_alejandro\w01\x64\debug\introduction.exe
c:\estudios\howest\dae\dae\programming2\lab\01 -vector transformations\1dae12_01_roca_alejandro\w01\x64\debug\introduction.pdb
c:\estudios\howest\dae\dae\programming2\lab\01 -vector transformations\1dae12_01_roca_alejandro\w01\introduction\x64\debug\introduction.tlog\cl.command.1.tlog
c:\estudios\howest\dae\dae\programming2\lab\01 -vector transformations\1dae12_01_roca_alejandro\w01\introduction\x64\debug\introduction.tlog\cl.read.1.tlog
c:\estudios\howest\dae\dae\programming2\lab\01 -vector transformations\1dae12_01_roca_alejandro\w01\introduction\x64\debug\introduction.tlog\cl.write.1.tlog
c:\estudios\howest\dae\dae\programming2\lab\01 -vector transformations\1dae12_01_roca_alejandro\w01\introduction\x64\debug\introduction.tlog\link.command.1.tlog
c:\estudios\howest\dae\dae\programming2\lab\01 -vector transformations\1dae12_01_roca_alejandro\w01\introduction\x64\debug\introduction.tlog\link.read.1.tlog
c:\estudios\howest\dae\dae\programming2\lab\01 -vector transformations\1dae12_01_roca_alejandro\w01\introduction\x64\debug\introduction.tlog\link.write.1.tlog
