c:\estudios\howest\dae\dae\programming1\lab\03\1dae12_03_roca_alejandro\movinglines\debug\movinglines.pch
c:\estudios\howest\dae\dae\programming1\lab\03\1dae12_03_roca_alejandro\movinglines\debug\vc142.pdb
c:\estudios\howest\dae\dae\programming1\lab\03\1dae12_03_roca_alejandro\movinglines\debug\vc142.idb
c:\estudios\howest\dae\dae\programming1\lab\03\1dae12_03_roca_alejandro\movinglines\debug\pch.obj
c:\estudios\howest\dae\dae\programming1\lab\03\1dae12_03_roca_alejandro\movinglines\debug\utils.obj
c:\estudios\howest\dae\dae\programming1\lab\03\1dae12_03_roca_alejandro\movinglines\debug\structs.obj
c:\estudios\howest\dae\dae\programming1\lab\03\1dae12_03_roca_alejandro\movinglines\debug\main.obj
c:\estudios\howest\dae\dae\programming1\lab\03\1dae12_03_roca_alejandro\movinglines\debug\game.obj
c:\estudios\howest\dae\dae\programming1\lab\03\1dae12_03_roca_alejandro\movinglines\debug\core.obj
c:\estudios\howest\dae\dae\programming1\lab\03\1dae12_03_roca_alejandro\movinglines\debug\movinglines.ilk
c:\estudios\howest\dae\dae\programming1\lab\03\1dae12_03_roca_alejandro\movinglines\debug\movinglines.exe
c:\estudios\howest\dae\dae\programming1\lab\03\1dae12_03_roca_alejandro\movinglines\debug\movinglines.pdb
c:\estudios\howest\dae\dae\programming1\lab\03\1dae12_03_roca_alejandro\movinglines\debug\libflac-8.dll
c:\estudios\howest\dae\dae\programming1\lab\03\1dae12_03_roca_alejandro\movinglines\debug\libfreetype-6.dll
c:\estudios\howest\dae\dae\programming1\lab\03\1dae12_03_roca_alejandro\movinglines\debug\libjpeg-9.dll
c:\estudios\howest\dae\dae\programming1\lab\03\1dae12_03_roca_alejandro\movinglines\debug\libmodplug-1.dll
c:\estudios\howest\dae\dae\programming1\lab\03\1dae12_03_roca_alejandro\movinglines\debug\libmpg123-0.dll
c:\estudios\howest\dae\dae\programming1\lab\03\1dae12_03_roca_alejandro\movinglines\debug\libogg-0.dll
c:\estudios\howest\dae\dae\programming1\lab\03\1dae12_03_roca_alejandro\movinglines\debug\libopus-0.dll
c:\estudios\howest\dae\dae\programming1\lab\03\1dae12_03_roca_alejandro\movinglines\debug\libopusfile-0.dll
c:\estudios\howest\dae\dae\programming1\lab\03\1dae12_03_roca_alejandro\movinglines\debug\libpng16-16.dll
c:\estudios\howest\dae\dae\programming1\lab\03\1dae12_03_roca_alejandro\movinglines\debug\libtiff-5.dll
c:\estudios\howest\dae\dae\programming1\lab\03\1dae12_03_roca_alejandro\movinglines\debug\libvorbis-0.dll
c:\estudios\howest\dae\dae\programming1\lab\03\1dae12_03_roca_alejandro\movinglines\debug\libvorbisfile-3.dll
c:\estudios\howest\dae\dae\programming1\lab\03\1dae12_03_roca_alejandro\movinglines\debug\libwebp-7.dll
c:\estudios\howest\dae\dae\programming1\lab\03\1dae12_03_roca_alejandro\movinglines\debug\sdl2.dll
c:\estudios\howest\dae\dae\programming1\lab\03\1dae12_03_roca_alejandro\movinglines\debug\sdl2_image.dll
c:\estudios\howest\dae\dae\programming1\lab\03\1dae12_03_roca_alejandro\movinglines\debug\sdl2_mixer.dll
c:\estudios\howest\dae\dae\programming1\lab\03\1dae12_03_roca_alejandro\movinglines\debug\sdl2_ttf.dll
c:\estudios\howest\dae\dae\programming1\lab\03\1dae12_03_roca_alejandro\movinglines\debug\zlib1.dll
c:\estudios\howest\dae\dae\programming1\lab\03\1dae12_03_roca_alejandro\movinglines\debug\movinglines.tlog\cl.command.1.tlog
c:\estudios\howest\dae\dae\programming1\lab\03\1dae12_03_roca_alejandro\movinglines\debug\movinglines.tlog\cl.read.1.tlog
c:\estudios\howest\dae\dae\programming1\lab\03\1dae12_03_roca_alejandro\movinglines\debug\movinglines.tlog\cl.write.1.tlog
c:\estudios\howest\dae\dae\programming1\lab\03\1dae12_03_roca_alejandro\movinglines\debug\movinglines.tlog\link.command.1.tlog
c:\estudios\howest\dae\dae\programming1\lab\03\1dae12_03_roca_alejandro\movinglines\debug\movinglines.tlog\link.read.1.tlog
c:\estudios\howest\dae\dae\programming1\lab\03\1dae12_03_roca_alejandro\movinglines\debug\movinglines.tlog\link.write.1.tlog
